# JRE version: OpenJDK Runtime Environment (11.0.6+8) (build 11.0.6+8-b520.43)
# Java VM: OpenJDK 64-Bit Server VM (11.0.6+8-b520.43, mixed mode, tiered, compressed oops, g1 gc, windows-amd64)
Heap:
 garbage-first heap   total 129024K, used 35074K [0x0000000083000000, 0x0000000100000000)
  region size 1024K, 21 young (21504K), 3 survivors (3072K)
 Metaspace       used 27001K, capacity 27741K, committed 27824K, reserved 1073152K
  class space    used 2939K, capacity 3196K, committed 3248K, reserved 1048576K
GC Heap History (20 events):
Event: 7840.131 GC heap before
{Heap before GC invocations=23 (full 0):
 garbage-first heap   total 129024K, used 89669K [0x0000000083000000, 0x0000000100000000)
  region size 1024K, 75 young (76800K), 3 survivors (3072K)
 Metaspace       used 26687K, capacity 27452K, committed 27568K, reserved 1073152K
  class space    used 2936K, capacity 3192K, committed 3248K, reserved 1048576K
}
Event: 7840.134 GC heap after
{Heap after GC invocations=24 (full 0):
 garbage-first heap   total 129024K, used 15979K [0x0000000083000000, 0x0000000100000000)
  region size 1024K, 2 young (2048K), 2 survivors (2048K)
 Metaspace       used 26687K, capacity 27452K, committed 27568K, reserved 1073152K
  class space    used 2936K, capacity 3192K, committed 3248K, reserved 1048576K
}
Event: 8086.473 GC heap before
{Heap before GC invocations=24 (full 0):
 garbage-first heap   total 129024K, used 90731K [0x0000000083000000, 0x0000000100000000)
  region size 1024K, 75 young (76800K), 2 survivors (2048K)
 Metaspace       used 26721K, capacity 27459K, committed 27568K, reserved 1073152K
  class space    used 2936K, capacity 3193K, committed 3248K, reserved 1048576K
}
Event: 8086.475 GC heap after
{Heap after GC invocations=25 (full 0):
 garbage-first heap   total 129024K, used 16349K [0x0000000083000000, 0x0000000100000000)
  region size 1024K, 3 young (3072K), 3 survivors (3072K)
 Metaspace       used 26721K, capacity 27459K, committed 27568K, reserved 1073152K
  class space    used 2936K, capacity 3193K, committed 3248K, reserved 1048576K
}
Event: 8371.088 GC heap before
{Heap before GC invocations=25 (full 0):
 garbage-first heap   total 129024K, used 90077K [0x0000000083000000, 0x0000000100000000)
  region size 1024K, 75 young (76800K), 3 survivors (3072K)
 Metaspace       used 26747K, capacity 27477K, committed 27568K, reserved 1073152K
  class space    used 2939K, capacity 3196K, committed 3248K, reserved 1048576K
}
Event: 8371.090 GC heap after
{Heap after GC invocations=26 (full 0):
 garbage-first heap   total 129024K, used 16472K [0x0000000083000000, 0x0000000100000000)
  region size 1024K, 3 young (3072K), 3 survivors (3072K)
 Metaspace       used 26747K, capacity 27477K, committed 27568K, reserved 1073152K
  class space    used 2939K, capacity 3196K, committed 3248K, reserved 1048576K
}
Event: 8587.108 GC heap before
{Heap before GC invocations=26 (full 0):
 garbage-first heap   total 129024K, used 90200K [0x0000000083000000, 0x0000000100000000)
  region size 1024K, 75 young (76800K), 3 survivors (3072K)
 Metaspace       used 26771K, capacity 27477K, committed 27568K, reserved 1073152K
  class space    used 2939K, capacity 3196K, committed 3248K, reserved 1048576K
}
Event: 8587.110 GC heap after
{Heap after GC invocations=27 (full 0):
 garbage-first heap   total 129024K, used 16519K [0x0000000083000000, 0x0000000100000000)
  region size 1024K, 3 young (3072K), 3 survivors (3072K)
 Metaspace       used 26771K, capacity 27477K, committed 27568K, reserved 1073152K
  class space    used 2939K, capacity 3196K, committed 3248K, reserved 1048576K
}
Event: 8955.798 GC heap before
{Heap before GC invocations=27 (full 0):
 garbage-first heap   total 129024K, used 90247K [0x0000000083000000, 0x0000000100000000)
  region size 1024K, 75 young (76800K), 3 survivors (3072K)
 Metaspace       used 26809K, capacity 27606K, committed 27824K, reserved 1073152K
  class space    used 2939K, capacity 3196K, committed 3248K, reserved 1048576K
}
Event: 8955.801 GC heap after
{Heap after GC invocations=28 (full 0):
 garbage-first heap   total 129024K, used 16398K [0x0000000083000000, 0x0000000100000000)
  region size 1024K, 2 young (2048K), 2 survivors (2048K)
 Metaspace       used 26809K, capacity 27606K, committed 27824K, reserved 1073152K
  class space    used 2939K, capacity 3196K, committed 3248K, reserved 1048576K
}
Event: 10680.607 GC heap before
{Heap before GC invocations=28 (full 0):
 garbage-first heap   total 129024K, used 91150K [0x0000000083000000, 0x0000000100000000)
  region size 1024K, 75 young (76800K), 2 survivors (2048K)
 Metaspace       used 26842K, capacity 27606K, committed 27824K, reserved 1073152K
  class space    used 2939K, capacity 3196K, committed 3248K, reserved 1048576K
}
Event: 10680.628 GC heap after
{Heap after GC invocations=29 (full 0):
 garbage-first heap   total 129024K, used 17098K [0x0000000083000000, 0x0000000100000000)
  region size 1024K, 3 young (3072K), 3 survivors (3072K)
 Metaspace       used 26842K, capacity 27606K, committed 27824K, reserved 1073152K
  class space    used 2939K, capacity 3196K, committed 3248K, reserved 1048576K
}
Event: 11815.133 GC heap before
{Heap before GC invocations=29 (full 0):
 garbage-first heap   total 129024K, used 90826K [0x0000000083000000, 0x0000000100000000)
  region size 1024K, 75 young (76800K), 3 survivors (3072K)
 Metaspace       used 26880K, capacity 27611K, committed 27824K, reserved 1073152K
  class space    used 2939K, capacity 3196K, committed 3248K, reserved 1048576K
}
Event: 11815.137 GC heap after
{Heap after GC invocations=30 (full 0):
 garbage-first heap   total 129024K, used 17087K [0x0000000083000000, 0x0000000100000000)
  region size 1024K, 3 young (3072K), 3 survivors (3072K)
 Metaspace       used 26880K, capacity 27611K, committed 27824K, reserved 1073152K
  class space    used 2939K, capacity 3196K, committed 3248K, reserved 1048576K
}
Event: 12278.314 GC heap before
{Heap before GC invocations=30 (full 0):
 garbage-first heap   total 129024K, used 90815K [0x0000000083000000, 0x0000000100000000)
  region size 1024K, 75 young (76800K), 3 survivors (3072K)
 Metaspace       used 26908K, capacity 27675K, committed 27824K, reserved 1073152K
  class space    used 2939K, capacity 3196K, committed 3248K, reserved 1048576K
}
Event: 12278.316 GC heap after
{Heap after GC invocations=31 (full 0):
 garbage-first heap   total 129024K, used 17328K [0x0000000083000000, 0x0000000100000000)
  region size 1024K, 3 young (3072K), 3 survivors (3072K)
 Metaspace       used 26908K, capacity 27675K, committed 27824K, reserved 1073152K
  class space    used 2939K, capacity 3196K, committed 3248K, reserved 1048576K
}
Event: 12777.164 GC heap before
{Heap before GC invocations=31 (full 0):
 garbage-first heap   total 129024K, used 91056K [0x0000000083000000, 0x0000000100000000)
  region size 1024K, 75 young (76800K), 3 survivors (3072K)
 Metaspace       used 26939K, capacity 27676K, committed 27824K, reserved 1073152K
  class space    used 2939K, capacity 3196K, committed 3248K, reserved 1048576K
}
Event: 12777.166 GC heap after
{Heap after GC invocations=32 (full 0):
 garbage-first heap   total 129024K, used 17302K [0x0000000083000000, 0x0000000100000000)
  region size 1024K, 3 young (3072K), 3 survivors (3072K)
 Metaspace       used 26939K, capacity 27676K, committed 27824K, reserved 1073152K
  class space    used 2939K, capacity 3196K, committed 3248K, reserved 1048576K
}
Event: 13238.873 GC heap before
{Heap before GC invocations=32 (full 0):
 garbage-first heap   total 129024K, used 91030K [0x0000000083000000, 0x0000000100000000)
  region size 1024K, 75 young (76800K), 3 survivors (3072K)
 Metaspace       used 27001K, capacity 27741K, committed 27824K, reserved 1073152K
  class space    used 2939K, capacity 3196K, committed 3248K, reserved 1048576K
}
Event: 13238.877 GC heap after
{Heap after GC invocations=33 (full 0):
 garbage-first heap   total 129024K, used 17666K [0x0000000083000000, 0x0000000100000000)
  region size 1024K, 3 young (3072K), 3 survivors (3072K)
 Metaspace       used 27001K, capacity 27741K, committed 27824K, reserved 1073152K
  class space    used 2939K, capacity 3196K, committed 3248K, reserved 1048576K
}

