# JRE version: OpenJDK Runtime Environment (11.0.6+8) (build 11.0.6+8-b520.43)
# Java VM: OpenJDK 64-Bit Server VM (11.0.6+8-b520.43, mixed mode, tiered, compressed oops, g1 gc, windows-amd64)
Heap:
 garbage-first heap   total 129024K, used 59730K [0x0000000083000000, 0x0000000100000000)
  region size 1024K, 45 young (46080K), 3 survivors (3072K)
 Metaspace       used 26593K, capacity 27336K, committed 27568K, reserved 1073152K
  class space    used 2937K, capacity 3195K, committed 3248K, reserved 1048576K
GC Heap History (20 events):
Event: 2909.227 GC heap before
{Heap before GC invocations=27 (full 0):
 garbage-first heap   total 129024K, used 90379K [0x0000000083000000, 0x0000000100000000)
  region size 1024K, 75 young (76800K), 3 survivors (3072K)
 Metaspace       used 26478K, capacity 27199K, committed 27312K, reserved 1073152K
  class space    used 2934K, capacity 3194K, committed 3248K, reserved 1048576K
}
Event: 2909.231 GC heap after
{Heap after GC invocations=28 (full 0):
 garbage-first heap   total 129024K, used 16552K [0x0000000083000000, 0x0000000100000000)
  region size 1024K, 2 young (2048K), 2 survivors (2048K)
 Metaspace       used 26478K, capacity 27199K, committed 27312K, reserved 1073152K
  class space    used 2934K, capacity 3194K, committed 3248K, reserved 1048576K
}
Event: 3055.554 GC heap before
{Heap before GC invocations=28 (full 0):
 garbage-first heap   total 129024K, used 91304K [0x0000000083000000, 0x0000000100000000)
  region size 1024K, 75 young (76800K), 2 survivors (2048K)
 Metaspace       used 26485K, capacity 27205K, committed 27312K, reserved 1073152K
  class space    used 2934K, capacity 3195K, committed 3248K, reserved 1048576K
}
Event: 3055.577 GC heap after
{Heap after GC invocations=29 (full 0):
 garbage-first heap   total 129024K, used 16553K [0x0000000083000000, 0x0000000100000000)
  region size 1024K, 2 young (2048K), 2 survivors (2048K)
 Metaspace       used 26485K, capacity 27205K, committed 27312K, reserved 1073152K
  class space    used 2934K, capacity 3195K, committed 3248K, reserved 1048576K
}
Event: 3256.741 GC heap before
{Heap before GC invocations=29 (full 0):
 garbage-first heap   total 129024K, used 91305K [0x0000000083000000, 0x0000000100000000)
  region size 1024K, 75 young (76800K), 2 survivors (2048K)
 Metaspace       used 26488K, capacity 27205K, committed 27312K, reserved 1073152K
  class space    used 2934K, capacity 3195K, committed 3248K, reserved 1048576K
}
Event: 3256.786 GC heap after
{Heap after GC invocations=30 (full 0):
 garbage-first heap   total 129024K, used 16836K [0x0000000083000000, 0x0000000100000000)
  region size 1024K, 3 young (3072K), 3 survivors (3072K)
 Metaspace       used 26488K, capacity 27205K, committed 27312K, reserved 1073152K
  class space    used 2934K, capacity 3195K, committed 3248K, reserved 1048576K
}
Event: 3306.454 GC heap before
{Heap before GC invocations=30 (full 0):
 garbage-first heap   total 129024K, used 90564K [0x0000000083000000, 0x0000000100000000)
  region size 1024K, 75 young (76800K), 3 survivors (3072K)
 Metaspace       used 26500K, capacity 27270K, committed 27568K, reserved 1073152K
  class space    used 2934K, capacity 3195K, committed 3248K, reserved 1048576K
}
Event: 3306.489 GC heap after
{Heap after GC invocations=31 (full 0):
 garbage-first heap   total 129024K, used 16982K [0x0000000083000000, 0x0000000100000000)
  region size 1024K, 3 young (3072K), 3 survivors (3072K)
 Metaspace       used 26500K, capacity 27270K, committed 27568K, reserved 1073152K
  class space    used 2934K, capacity 3195K, committed 3248K, reserved 1048576K
}
Event: 3414.819 GC heap before
{Heap before GC invocations=31 (full 0):
 garbage-first heap   total 129024K, used 90710K [0x0000000083000000, 0x0000000100000000)
  region size 1024K, 75 young (76800K), 3 survivors (3072K)
 Metaspace       used 26507K, capacity 27271K, committed 27568K, reserved 1073152K
  class space    used 2934K, capacity 3195K, committed 3248K, reserved 1048576K
}
Event: 3414.854 GC heap after
{Heap after GC invocations=32 (full 0):
 garbage-first heap   total 129024K, used 17146K [0x0000000083000000, 0x0000000100000000)
  region size 1024K, 3 young (3072K), 3 survivors (3072K)
 Metaspace       used 26507K, capacity 27271K, committed 27568K, reserved 1073152K
  class space    used 2934K, capacity 3195K, committed 3248K, reserved 1048576K
}
Event: 3594.295 GC heap before
{Heap before GC invocations=32 (full 0):
 garbage-first heap   total 129024K, used 90874K [0x0000000083000000, 0x0000000100000000)
  region size 1024K, 75 young (76800K), 3 survivors (3072K)
 Metaspace       used 26531K, capacity 27271K, committed 27568K, reserved 1073152K
  class space    used 2934K, capacity 3195K, committed 3248K, reserved 1048576K
}
Event: 3594.313 GC heap after
{Heap after GC invocations=33 (full 0):
 garbage-first heap   total 129024K, used 17020K [0x0000000083000000, 0x0000000100000000)
  region size 1024K, 2 young (2048K), 2 survivors (2048K)
 Metaspace       used 26531K, capacity 27271K, committed 27568K, reserved 1073152K
  class space    used 2934K, capacity 3195K, committed 3248K, reserved 1048576K
}
Event: 3813.841 GC heap before
{Heap before GC invocations=33 (full 0):
 garbage-first heap   total 129024K, used 91772K [0x0000000083000000, 0x0000000100000000)
  region size 1024K, 75 young (76800K), 2 survivors (2048K)
 Metaspace       used 26537K, capacity 27272K, committed 27568K, reserved 1073152K
  class space    used 2934K, capacity 3195K, committed 3248K, reserved 1048576K
}
Event: 3813.904 GC heap after
{Heap after GC invocations=34 (full 0):
 garbage-first heap   total 129024K, used 17334K [0x0000000083000000, 0x0000000100000000)
  region size 1024K, 3 young (3072K), 3 survivors (3072K)
 Metaspace       used 26537K, capacity 27272K, committed 27568K, reserved 1073152K
  class space    used 2934K, capacity 3195K, committed 3248K, reserved 1048576K
}
Event: 3923.330 GC heap before
{Heap before GC invocations=34 (full 0):
 garbage-first heap   total 129024K, used 91062K [0x0000000083000000, 0x0000000100000000)
  region size 1024K, 75 young (76800K), 3 survivors (3072K)
 Metaspace       used 26546K, capacity 27272K, committed 27568K, reserved 1073152K
  class space    used 2934K, capacity 3195K, committed 3248K, reserved 1048576K
}
Event: 3923.360 GC heap after
{Heap after GC invocations=35 (full 0):
 garbage-first heap   total 129024K, used 17186K [0x0000000083000000, 0x0000000100000000)
  region size 1024K, 2 young (2048K), 2 survivors (2048K)
 Metaspace       used 26546K, capacity 27272K, committed 27568K, reserved 1073152K
  class space    used 2934K, capacity 3195K, committed 3248K, reserved 1048576K
}
Event: 4025.033 GC heap before
{Heap before GC invocations=35 (full 0):
 garbage-first heap   total 129024K, used 91938K [0x0000000083000000, 0x0000000100000000)
  region size 1024K, 75 young (76800K), 2 survivors (2048K)
 Metaspace       used 26562K, capacity 27336K, committed 27568K, reserved 1073152K
  class space    used 2934K, capacity 3195K, committed 3248K, reserved 1048576K
}
Event: 4025.093 GC heap after
{Heap after GC invocations=36 (full 0):
 garbage-first heap   total 129024K, used 17511K [0x0000000083000000, 0x0000000100000000)
  region size 1024K, 3 young (3072K), 3 survivors (3072K)
 Metaspace       used 26562K, capacity 27336K, committed 27568K, reserved 1073152K
  class space    used 2934K, capacity 3195K, committed 3248K, reserved 1048576K
}
Event: 4308.186 GC heap before
{Heap before GC invocations=36 (full 0):
 garbage-first heap   total 129024K, used 91239K [0x0000000083000000, 0x0000000100000000)
  region size 1024K, 75 young (76800K), 3 survivors (3072K)
 Metaspace       used 26578K, capacity 27336K, committed 27568K, reserved 1073152K
  class space    used 2934K, capacity 3195K, committed 3248K, reserved 1048576K
}
Event: 4308.238 GC heap after
{Heap after GC invocations=37 (full 0):
 garbage-first heap   total 129024K, used 17746K [0x0000000083000000, 0x0000000100000000)
  region size 1024K, 3 young (3072K), 3 survivors (3072K)
 Metaspace       used 26578K, capacity 27336K, committed 27568K, reserved 1073152K
  class space    used 2934K, capacity 3195K, committed 3248K, reserved 1048576K
}

