# JRE version: OpenJDK Runtime Environment (11.0.6+8) (build 11.0.6+8-b520.43)
# Java VM: OpenJDK 64-Bit Server VM (11.0.6+8-b520.43, mixed mode, tiered, compressed oops, g1 gc, windows-amd64)
Heap:
 garbage-first heap   total 129024K, used 87548K [0x0000000083000000, 0x0000000100000000)
  region size 1024K, 75 young (76800K), 3 survivors (3072K)
 Metaspace       used 26115K, capacity 26762K, committed 27056K, reserved 1073152K
  class space    used 2907K, capacity 3145K, committed 3248K, reserved 1048576K
GC Heap History (20 events):
Event: 176.273 GC heap before
{Heap before GC invocations=4 (full 0):
 garbage-first heap   total 129024K, used 85299K [0x0000000083000000, 0x0000000100000000)
  region size 1024K, 75 young (76800K), 5 survivors (5120K)
 Metaspace       used 25497K, capacity 26076K, committed 26288K, reserved 1073152K
  class space    used 2897K, capacity 3127K, committed 3248K, reserved 1048576K
}
Event: 176.284 GC heap after
{Heap after GC invocations=5 (full 0):
 garbage-first heap   total 129024K, used 14451K [0x0000000083000000, 0x0000000100000000)
  region size 1024K, 6 young (6144K), 6 survivors (6144K)
 Metaspace       used 25497K, capacity 26076K, committed 26288K, reserved 1073152K
  class space    used 2897K, capacity 3127K, committed 3248K, reserved 1048576K
}
Event: 301.605 GC heap before
{Heap before GC invocations=5 (full 0):
 garbage-first heap   total 129024K, used 85107K [0x0000000083000000, 0x0000000100000000)
  region size 1024K, 75 young (76800K), 6 survivors (6144K)
 Metaspace       used 25648K, capacity 26281K, committed 26544K, reserved 1073152K
  class space    used 2899K, capacity 3130K, committed 3248K, reserved 1048576K
}
Event: 301.616 GC heap after
{Heap after GC invocations=6 (full 0):
 garbage-first heap   total 129024K, used 14100K [0x0000000083000000, 0x0000000100000000)
  region size 1024K, 5 young (5120K), 5 survivors (5120K)
 Metaspace       used 25648K, capacity 26281K, committed 26544K, reserved 1073152K
  class space    used 2899K, capacity 3130K, committed 3248K, reserved 1048576K
}
Event: 461.078 GC heap before
{Heap before GC invocations=6 (full 0):
 garbage-first heap   total 129024K, used 85780K [0x0000000083000000, 0x0000000100000000)
  region size 1024K, 75 young (76800K), 5 survivors (5120K)
 Metaspace       used 25760K, capacity 26369K, committed 26544K, reserved 1073152K
  class space    used 2901K, capacity 3134K, committed 3248K, reserved 1048576K
}
Event: 461.129 GC heap after
{Heap after GC invocations=7 (full 0):
 garbage-first heap   total 129024K, used 14497K [0x0000000083000000, 0x0000000100000000)
  region size 1024K, 6 young (6144K), 6 survivors (6144K)
 Metaspace       used 25760K, capacity 26369K, committed 26544K, reserved 1073152K
  class space    used 2901K, capacity 3134K, committed 3248K, reserved 1048576K
}
Event: 535.125 GC heap before
{Heap before GC invocations=7 (full 0):
 garbage-first heap   total 129024K, used 85153K [0x0000000083000000, 0x0000000100000000)
  region size 1024K, 75 young (76800K), 6 survivors (6144K)
 Metaspace       used 25803K, capacity 26449K, committed 26800K, reserved 1073152K
  class space    used 2902K, capacity 3137K, committed 3248K, reserved 1048576K
}
Event: 535.137 GC heap after
{Heap after GC invocations=8 (full 0):
 garbage-first heap   total 129024K, used 14836K [0x0000000083000000, 0x0000000100000000)
  region size 1024K, 6 young (6144K), 6 survivors (6144K)
 Metaspace       used 25803K, capacity 26449K, committed 26800K, reserved 1073152K
  class space    used 2902K, capacity 3137K, committed 3248K, reserved 1048576K
}
Event: 670.124 GC heap before
{Heap before GC invocations=8 (full 0):
 garbage-first heap   total 129024K, used 85492K [0x0000000083000000, 0x0000000100000000)
  region size 1024K, 75 young (76800K), 6 survivors (6144K)
 Metaspace       used 25846K, capacity 26453K, committed 26800K, reserved 1073152K
  class space    used 2902K, capacity 3137K, committed 3248K, reserved 1048576K
}
Event: 670.134 GC heap after
{Heap after GC invocations=9 (full 0):
 garbage-first heap   total 129024K, used 14840K [0x0000000083000000, 0x0000000100000000)
  region size 1024K, 6 young (6144K), 6 survivors (6144K)
 Metaspace       used 25846K, capacity 26453K, committed 26800K, reserved 1073152K
  class space    used 2902K, capacity 3137K, committed 3248K, reserved 1048576K
}
Event: 735.123 GC heap before
{Heap before GC invocations=9 (full 0):
 garbage-first heap   total 129024K, used 85496K [0x0000000083000000, 0x0000000100000000)
  region size 1024K, 75 young (76800K), 6 survivors (6144K)
 Metaspace       used 25899K, capacity 26530K, committed 26800K, reserved 1073152K
  class space    used 2903K, capacity 3139K, committed 3248K, reserved 1048576K
}
Event: 735.140 GC heap after
{Heap after GC invocations=10 (full 0):
 garbage-first heap   total 129024K, used 15106K [0x0000000083000000, 0x0000000100000000)
  region size 1024K, 3 young (3072K), 3 survivors (3072K)
 Metaspace       used 25899K, capacity 26530K, committed 26800K, reserved 1073152K
  class space    used 2903K, capacity 3139K, committed 3248K, reserved 1048576K
}
Event: 864.132 GC heap before
{Heap before GC invocations=10 (full 0):
 garbage-first heap   total 129024K, used 88834K [0x0000000083000000, 0x0000000100000000)
  region size 1024K, 75 young (76800K), 3 survivors (3072K)
 Metaspace       used 25971K, capacity 26612K, committed 26800K, reserved 1073152K
  class space    used 2906K, capacity 3142K, committed 3248K, reserved 1048576K
}
Event: 864.141 GC heap after
{Heap after GC invocations=11 (full 0):
 garbage-first heap   total 129024K, used 14597K [0x0000000083000000, 0x0000000100000000)
  region size 1024K, 3 young (3072K), 3 survivors (3072K)
 Metaspace       used 25971K, capacity 26612K, committed 26800K, reserved 1073152K
  class space    used 2906K, capacity 3142K, committed 3248K, reserved 1048576K
}
Event: 927.563 GC heap before
{Heap before GC invocations=11 (full 0):
 garbage-first heap   total 129024K, used 88325K [0x0000000083000000, 0x0000000100000000)
  region size 1024K, 75 young (76800K), 3 survivors (3072K)
 Metaspace       used 26020K, capacity 26676K, committed 26800K, reserved 1073152K
  class space    used 2906K, capacity 3142K, committed 3248K, reserved 1048576K
}
Event: 927.572 GC heap after
{Heap after GC invocations=12 (full 0):
 garbage-first heap   total 129024K, used 14842K [0x0000000083000000, 0x0000000100000000)
  region size 1024K, 3 young (3072K), 3 survivors (3072K)
 Metaspace       used 26020K, capacity 26676K, committed 26800K, reserved 1073152K
  class space    used 2906K, capacity 3142K, committed 3248K, reserved 1048576K
}
Event: 1066.391 GC heap before
{Heap before GC invocations=12 (full 0):
 garbage-first heap   total 129024K, used 88570K [0x0000000083000000, 0x0000000100000000)
  region size 1024K, 75 young (76800K), 3 survivors (3072K)
 Metaspace       used 26045K, capacity 26743K, committed 27056K, reserved 1073152K
  class space    used 2906K, capacity 3142K, committed 3248K, reserved 1048576K
}
Event: 1066.417 GC heap after
{Heap after GC invocations=13 (full 0):
 garbage-first heap   total 129024K, used 14850K [0x0000000083000000, 0x0000000100000000)
  region size 1024K, 3 young (3072K), 3 survivors (3072K)
 Metaspace       used 26045K, capacity 26743K, committed 27056K, reserved 1073152K
  class space    used 2906K, capacity 3142K, committed 3248K, reserved 1048576K
}
Event: 1127.665 GC heap before
{Heap before GC invocations=13 (full 0):
 garbage-first heap   total 129024K, used 88578K [0x0000000083000000, 0x0000000100000000)
  region size 1024K, 75 young (76800K), 3 survivors (3072K)
 Metaspace       used 26065K, capacity 26743K, committed 27056K, reserved 1073152K
  class space    used 2906K, capacity 3142K, committed 3248K, reserved 1048576K
}
Event: 1127.672 GC heap after
{Heap after GC invocations=14 (full 0):
 garbage-first heap   total 129024K, used 14844K [0x0000000083000000, 0x0000000100000000)
  region size 1024K, 3 young (3072K), 3 survivors (3072K)
 Metaspace       used 26065K, capacity 26743K, committed 27056K, reserved 1073152K
  class space    used 2906K, capacity 3142K, committed 3248K, reserved 1048576K
}

